INFO 2023-09-11 16:56:34,013 autoreload 11312 14944 Watching for file changes with StatReloader
INFO 2023-09-11 16:56:36,471 basehttp 11312 13228 "GET / HTTP/1.1" 200 12
INFO 2023-09-11 16:56:44,792 basehttp 11312 13228 "GET /about/ HTTP/1.1" 200 8
INFO 2023-09-11 16:57:16,156 basehttp 11312 13228 "GET /about/ HTTP/1.1" 200 8
INFO 2023-09-11 16:57:25,720 basehttp 11312 13228 "GET / HTTP/1.1" 200 12
INFO 2023-09-11 17:23:18,254 autoreload 12008 6296 Watching for file changes with StatReloader
INFO 2023-09-11 17:23:24,552 basehttp 12008 15304 "GET / HTTP/1.1" 200 12
WARNING 2023-09-11 17:23:24,721 log 12008 15304 Not Found: /favicon.ico
WARNING 2023-09-11 17:23:24,722 basehttp 12008 15304 "GET /favicon.ico HTTP/1.1" 404 2442
INFO 2023-09-11 17:23:31,126 basehttp 12008 15304 "GET / HTTP/1.1" 200 12
WARNING 2023-09-11 17:23:38,922 log 12008 15304 Not Found: /cube
WARNING 2023-09-11 17:23:38,922 basehttp 12008 15304 "GET /cube HTTP/1.1" 404 2421
INFO 2023-09-11 17:25:02,413 autoreload 12008 6296 J:\GeekBrains\Django_GB\my_project\urls.py changed, reloading.
INFO 2023-09-11 17:25:02,863 autoreload 9532 13588 Watching for file changes with StatReloader
INFO 2023-09-11 17:25:31,599 autoreload 9532 13588 J:\GeekBrains\Django_GB\my2_app\urls.py changed, reloading.
INFO 2023-09-11 17:25:32,026 autoreload 10280 13148 Watching for file changes with StatReloader
INFO 2023-09-11 17:26:06,815 autoreload 10280 13148 J:\GeekBrains\Django_GB\my2_app\urls.py changed, reloading.
INFO 2023-09-11 17:26:07,249 autoreload 9340 12992 Watching for file changes with StatReloader
INFO 2023-09-11 17:26:10,669 basehttp 9340 11932 "GET / HTTP/1.1" 200 12
INFO 2023-09-11 17:26:18,206 basehttp 9340 11932 "GET / HTTP/1.1" 200 12
INFO 2023-09-11 17:26:24,327 basehttp 9340 11932 "GET /cube HTTP/1.1" 301 0
ERROR 2023-09-11 17:26:24,377 log 9340 15328 Internal Server Error: /cube/
Traceback (most recent call last):
  File "J:\GeekBrains\Django_GB\venv\Lib\site-packages\django\core\handlers\exception.py", line 55, in inner
    response = get_response(request)
               ^^^^^^^^^^^^^^^^^^^^^
  File "J:\GeekBrains\Django_GB\venv\Lib\site-packages\django\utils\deprecation.py", line 136, in __call__
    response = self.process_response(request, response)
               ^^^^^^^^^^^^^^^^^^^^^^^^^^^^^^^^^^^^^^^^
  File "J:\GeekBrains\Django_GB\venv\Lib\site-packages\django\middleware\clickjacking.py", line 27, in process_response
    if response.get("X-Frame-Options") is not None:
       ^^^^^^^^^^^^
AttributeError: 'int' object has no attribute 'get'
ERROR 2023-09-11 17:26:24,379 basehttp 9340 15328 "GET /cube/ HTTP/1.1" 500 66679
INFO 2023-09-11 17:27:18,370 basehttp 9340 15328 "GET /heads HTTP/1.1" 301 0
ERROR 2023-09-11 17:27:18,388 log 9340 13228 Internal Server Error: /heads/
Traceback (most recent call last):
  File "J:\GeekBrains\Django_GB\venv\Lib\site-packages\django\core\handlers\exception.py", line 55, in inner
    response = get_response(request)
               ^^^^^^^^^^^^^^^^^^^^^
  File "J:\GeekBrains\Django_GB\venv\Lib\site-packages\django\utils\deprecation.py", line 136, in __call__
    response = self.process_response(request, response)
               ^^^^^^^^^^^^^^^^^^^^^^^^^^^^^^^^^^^^^^^^
  File "J:\GeekBrains\Django_GB\venv\Lib\site-packages\django\middleware\clickjacking.py", line 27, in process_response
    if response.get("X-Frame-Options") is not None:
       ^^^^^^^^^^^^
AttributeError: 'str' object has no attribute 'get'
ERROR 2023-09-11 17:27:18,391 basehttp 9340 13228 "GET /heads/ HTTP/1.1" 500 66728
INFO 2023-09-11 17:31:55,125 autoreload 14896 11592 Watching for file changes with StatReloader
INFO 2023-09-11 17:31:58,259 basehttp 14896 4616 "GET / HTTP/1.1" 200 12
INFO 2023-09-11 17:32:07,071 basehttp 14896 4616 "GET /cube/ HTTP/1.1" 200 1
INFO 2023-09-11 17:32:08,524 basehttp 14896 4616 "GET /cube/ HTTP/1.1" 200 1
INFO 2023-09-11 17:32:09,013 basehttp 14896 4616 "GET /cube/ HTTP/1.1" 200 1
INFO 2023-09-11 17:32:09,485 basehttp 14896 4616 "GET /cube/ HTTP/1.1" 200 1
INFO 2023-09-11 17:32:09,959 basehttp 14896 4616 "GET /cube/ HTTP/1.1" 200 1
INFO 2023-09-11 17:32:10,402 basehttp 14896 4616 "GET /cube/ HTTP/1.1" 200 1
INFO 2023-09-11 17:32:10,833 basehttp 14896 4616 "GET /cube/ HTTP/1.1" 200 1
INFO 2023-09-11 17:32:11,270 basehttp 14896 4616 "GET /cube/ HTTP/1.1" 200 1
INFO 2023-09-11 17:32:11,717 basehttp 14896 4616 "GET /cube/ HTTP/1.1" 200 1
INFO 2023-09-11 17:32:12,142 basehttp 14896 4616 "GET /cube/ HTTP/1.1" 200 1
INFO 2023-09-11 17:32:12,581 basehttp 14896 4616 "GET /cube/ HTTP/1.1" 200 1
INFO 2023-09-11 17:32:13,262 basehttp 14896 4616 "GET /cube/ HTTP/1.1" 200 1
INFO 2023-09-11 17:32:19,023 basehttp 14896 4616 "GET /heads/ HTTP/1.1" 200 5
INFO 2023-09-11 17:32:20,517 basehttp 14896 4616 "GET /heads/ HTTP/1.1" 200 5
INFO 2023-09-11 17:32:21,067 basehttp 14896 4616 "GET /heads/ HTTP/1.1" 200 5
INFO 2023-09-11 17:32:21,540 basehttp 14896 4616 "GET /heads/ HTTP/1.1" 200 5
INFO 2023-09-11 17:32:22,038 basehttp 14896 4616 "GET /heads/ HTTP/1.1" 200 5
INFO 2023-09-11 17:32:22,436 basehttp 14896 4616 "GET /heads/ HTTP/1.1" 200 5
INFO 2023-09-11 17:32:22,762 basehttp 14896 4616 "GET /heads/ HTTP/1.1" 200 5
INFO 2023-09-11 17:32:23,034 basehttp 14896 4616 "GET /heads/ HTTP/1.1" 200 5
INFO 2023-09-11 17:32:31,221 basehttp 14896 4616 "GET /number HTTP/1.1" 301 0
INFO 2023-09-11 17:32:31,224 basehttp 14896 16132 "GET /number/ HTTP/1.1" 200 2
INFO 2023-09-11 17:32:32,536 basehttp 14896 16132 "GET /number/ HTTP/1.1" 200 2
INFO 2023-09-11 17:32:33,021 basehttp 14896 16132 "GET /number/ HTTP/1.1" 200 1
INFO 2023-09-11 17:32:33,484 basehttp 14896 16132 "GET /number/ HTTP/1.1" 200 3
INFO 2023-09-11 17:32:33,878 basehttp 14896 16132 "GET /number/ HTTP/1.1" 200 2
INFO 2023-09-11 17:32:34,322 basehttp 14896 16132 "GET /number/ HTTP/1.1" 200 2
INFO 2023-09-11 17:32:34,752 basehttp 14896 16132 "GET /number/ HTTP/1.1" 200 2
INFO 2023-09-11 17:32:35,167 basehttp 14896 16132 "GET /number/ HTTP/1.1" 200 2
INFO 2023-09-11 17:32:35,575 basehttp 14896 16132 "GET /number/ HTTP/1.1" 200 2
INFO 2023-09-11 17:32:35,974 basehttp 14896 16132 "GET /number/ HTTP/1.1" 200 2
INFO 2023-09-11 17:32:36,335 basehttp 14896 16132 "GET /number/ HTTP/1.1" 200 2
INFO 2023-09-11 17:32:36,670 basehttp 14896 16132 "GET /number/ HTTP/1.1" 200 2
INFO 2023-09-11 17:32:36,962 basehttp 14896 16132 "GET /number/ HTTP/1.1" 200 2
INFO 2023-09-11 17:32:37,207 basehttp 14896 16132 "GET /number/ HTTP/1.1" 200 2
INFO 2023-09-11 17:32:37,433 basehttp 14896 16132 "GET /number/ HTTP/1.1" 200 1
INFO 2023-09-11 17:32:37,666 basehttp 14896 16132 "GET /number/ HTTP/1.1" 200 2
INFO 2023-09-11 17:43:32,086 autoreload 14896 11592 J:\GeekBrains\Django_GB\my2_app\views.py changed, reloading.
INFO 2023-09-11 17:43:32,518 autoreload 7608 9896 Watching for file changes with StatReloader
INFO 2023-09-11 17:44:09,400 autoreload 7608 9896 J:\GeekBrains\Django_GB\my2_app\views.py changed, reloading.
INFO 2023-09-11 17:44:09,827 autoreload 13432 7776 Watching for file changes with StatReloader
INFO 2023-09-11 17:44:33,508 autoreload 13432 7776 J:\GeekBrains\Django_GB\my2_app\views.py changed, reloading.
INFO 2023-09-11 17:44:33,947 autoreload 1564 10836 Watching for file changes with StatReloader
INFO 2023-09-11 17:44:39,619 basehttp 1564 11624 "GET /number/ HTTP/1.1" 200 2
INFO 2023-09-11 17:44:40,240 basehttp 1564 11624 "GET /number/ HTTP/1.1" 200 2
INFO 2023-09-11 17:44:40,935 basehttp 1564 11624 "GET /number/ HTTP/1.1" 200 2
INFO 2023-09-11 17:44:41,591 basehttp 1564 11624 "GET /number/ HTTP/1.1" 200 2
INFO 2023-09-11 17:44:42,065 basehttp 1564 11624 "GET /number/ HTTP/1.1" 200 2
INFO 2023-09-11 17:53:09,400 autoreload 7456 9364 Watching for file changes with StatReloader
INFO 2023-09-11 17:53:12,904 basehttp 7456 14444 "GET / HTTP/1.1" 200 12
WARNING 2023-09-11 17:53:31,710 log 7456 14444 Not Found: /index
WARNING 2023-09-11 17:53:31,711 basehttp 7456 14444 "GET /index HTTP/1.1" 404 2936
INFO 2023-09-11 17:56:33,063 autoreload 8424 3744 Watching for file changes with StatReloader
INFO 2023-09-11 17:56:35,473 basehttp 8424 7144 "GET / HTTP/1.1" 200 12
INFO 2023-09-11 17:56:38,237 basehttp 8424 7144 "GET / HTTP/1.1" 200 12
WARNING 2023-09-11 17:56:45,510 log 8424 7144 Not Found: /about_me
WARNING 2023-09-11 17:56:45,511 basehttp 8424 7144 "GET /about_me HTTP/1.1" 404 2945
INFO 2023-09-11 18:04:05,408 basehttp 8424 8828 "GET / HTTP/1.1" 200 12
INFO 2023-09-11 18:04:06,037 basehttp 8424 8828 "GET / HTTP/1.1" 200 12
INFO 2023-09-11 18:04:10,656 basehttp 8424 8828 "GET /cube/ HTTP/1.1" 200 1
INFO 2023-09-11 18:04:13,657 basehttp 8424 8828 "GET /cube/ HTTP/1.1" 200 1
INFO 2023-09-11 18:04:14,219 basehttp 8424 8828 "GET /cube/ HTTP/1.1" 200 1
INFO 2023-09-11 18:04:14,523 basehttp 8424 8828 "GET /cube/ HTTP/1.1" 200 1
INFO 2023-09-11 18:04:14,743 basehttp 8424 8828 "GET /cube/ HTTP/1.1" 200 1
WARNING 2023-09-11 18:04:20,299 log 8424 8828 Not Found: /index
WARNING 2023-09-11 18:04:20,300 basehttp 8424 8828 "GET /index HTTP/1.1" 404 2936
INFO 2023-09-11 18:09:45,126 autoreload 1616 8904 Watching for file changes with StatReloader
INFO 2023-09-11 18:09:46,794 basehttp 1616 9600 "GET / HTTP/1.1" 200 12
INFO 2023-09-11 18:09:53,792 basehttp 1616 9600 "GET /main HTTP/1.1" 301 0
INFO 2023-09-11 18:09:53,794 basehttp 1616 9364 "GET /main/ HTTP/1.1" 200 114
INFO 2023-09-11 18:10:04,077 basehttp 1616 9364 "GET /about_me HTTP/1.1" 301 0
INFO 2023-09-11 18:10:04,079 basehttp 1616 4956 "GET /about_me/ HTTP/1.1" 200 103
INFO 2023-09-14 10:56:27,167 autoreload 13440 6696 Watching for file changes with StatReloader
INFO 2023-09-14 10:56:43,848 basehttp 13440 1476 "GET / HTTP/1.1" 200 12
WARNING 2023-09-14 10:56:44,065 log 13440 1476 Not Found: /favicon.ico
WARNING 2023-09-14 10:56:44,066 basehttp 13440 1476 "GET /favicon.ico HTTP/1.1" 404 3322
INFO 2023-09-14 11:57:02,970 autoreload 2800 11972 Watching for file changes with StatReloader
INFO 2023-09-14 11:57:07,022 basehttp 2800 13856 "GET / HTTP/1.1" 200 12
WARNING 2023-09-14 11:57:07,296 log 2800 13856 Not Found: /favicon.ico
WARNING 2023-09-14 11:57:07,297 basehttp 2800 13856 "GET /favicon.ico HTTP/1.1" 404 3322
WARNING 2023-09-14 11:57:42,031 log 2800 13856 Not Found: /order_view
WARNING 2023-09-14 11:57:42,032 basehttp 2800 13856 "GET /order_view HTTP/1.1" 404 3319
WARNING 2023-09-14 12:00:18,295 log 2800 13856 Not Found: /clients
WARNING 2023-09-14 12:00:18,296 basehttp 2800 13856 "GET /clients HTTP/1.1" 404 3310
WARNING 2023-09-14 12:00:28,486 log 2800 13856 Not Found: /clients/
WARNING 2023-09-14 12:00:28,487 basehttp 2800 13856 "GET /clients/ HTTP/1.1" 404 3313
INFO 2023-09-14 12:00:56,227 autoreload 2800 11972 J:\GeekBrains\Django_GB\my_project\settings.py changed, reloading.
INFO 2023-09-14 12:00:56,673 autoreload 4060 14484 Watching for file changes with StatReloader
INFO 2023-09-14 12:01:01,093 basehttp 4060 1288 "GET / HTTP/1.1" 200 12
WARNING 2023-09-14 12:01:09,376 log 4060 1288 Not Found: /clients
WARNING 2023-09-14 12:01:09,377 basehttp 4060 1288 "GET /clients HTTP/1.1" 404 3310
INFO 2023-09-14 12:01:33,665 autoreload 4060 14484 J:\GeekBrains\Django_GB\my_project\settings.py changed, reloading.
INFO 2023-09-14 12:01:34,128 autoreload 3764 3868 Watching for file changes with StatReloader
INFO 2023-09-14 12:01:36,436 basehttp 3764 13920 "GET / HTTP/1.1" 200 12
INFO 2023-09-14 12:01:47,003 basehttp 3764 13920 "GET /heads HTTP/1.1" 301 0
INFO 2023-09-14 12:01:47,005 basehttp 3764 7120 "GET /heads/ HTTP/1.1" 200 5
INFO 2023-09-14 12:01:49,865 basehttp 3764 7120 "GET /heads/ HTTP/1.1" 200 5
INFO 2023-09-14 12:01:50,451 basehttp 3764 7120 "GET /heads/ HTTP/1.1" 200 5
WARNING 2023-09-14 12:01:56,965 log 3764 7120 Not Found: /clients
WARNING 2023-09-14 12:01:56,966 basehttp 3764 7120 "GET /clients HTTP/1.1" 404 3310
INFO 2023-09-14 12:02:19,237 autoreload 3764 3868 J:\GeekBrains\Django_GB\my_project\urls.py changed, reloading.
INFO 2023-09-14 12:02:19,676 autoreload 8592 3752 Watching for file changes with StatReloader
INFO 2023-09-14 12:02:23,646 basehttp 8592 16876 "GET / HTTP/1.1" 200 12
INFO 2023-09-14 12:02:34,309 basehttp 8592 16876 "GET /clients HTTP/1.1" 301 0
ERROR 2023-09-14 12:02:34,424 log 8592 16808 Internal Server Error: /clients/
Traceback (most recent call last):
  File "J:\GeekBrains\Django_GB\venv\Lib\site-packages\django\core\handlers\exception.py", line 55, in inner
    response = get_response(request)
               ^^^^^^^^^^^^^^^^^^^^^
  File "J:\GeekBrains\Django_GB\venv\Lib\site-packages\django\core\handlers\base.py", line 197, in _get_response
    response = wrapped_callback(request, *callback_args, **callback_kwargs)
               ^^^^^^^^^^^^^^^^^^^^^^^^^^^^^^^^^^^^^^^^^^^^^^^^^^^^^^^^^^^^
  File "J:\GeekBrains\Django_GB\hw2_app\views.py", line 10, in client_view
    return render(request, 'hw2_app/clients.html', {'clients': clients})
           ^^^^^^^^^^^^^^^^^^^^^^^^^^^^^^^^^^^^^^^^^^^^^^^^^^^^^^^^^^^^^
  File "J:\GeekBrains\Django_GB\venv\Lib\site-packages\django\shortcuts.py", line 24, in render
    content = loader.render_to_string(template_name, context, request, using=using)
              ^^^^^^^^^^^^^^^^^^^^^^^^^^^^^^^^^^^^^^^^^^^^^^^^^^^^^^^^^^^^^^^^^^^^^
  File "J:\GeekBrains\Django_GB\venv\Lib\site-packages\django\template\loader.py", line 61, in render_to_string
    template = get_template(template_name, using=using)
               ^^^^^^^^^^^^^^^^^^^^^^^^^^^^^^^^^^^^^^^^
  File "J:\GeekBrains\Django_GB\venv\Lib\site-packages\django\template\loader.py", line 19, in get_template
    raise TemplateDoesNotExist(template_name, chain=chain)
django.template.exceptions.TemplateDoesNotExist: hw2_app/clients.html
ERROR 2023-09-14 12:02:34,427 basehttp 8592 16808 "GET /clients/ HTTP/1.1" 500 82759
ERROR 2023-09-14 12:02:35,208 log 8592 16808 Internal Server Error: /clients/
Traceback (most recent call last):
  File "J:\GeekBrains\Django_GB\venv\Lib\site-packages\django\core\handlers\exception.py", line 55, in inner
    response = get_response(request)
               ^^^^^^^^^^^^^^^^^^^^^
  File "J:\GeekBrains\Django_GB\venv\Lib\site-packages\django\core\handlers\base.py", line 197, in _get_response
    response = wrapped_callback(request, *callback_args, **callback_kwargs)
               ^^^^^^^^^^^^^^^^^^^^^^^^^^^^^^^^^^^^^^^^^^^^^^^^^^^^^^^^^^^^
  File "J:\GeekBrains\Django_GB\hw2_app\views.py", line 10, in client_view
    return render(request, 'hw2_app/clients.html', {'clients': clients})
           ^^^^^^^^^^^^^^^^^^^^^^^^^^^^^^^^^^^^^^^^^^^^^^^^^^^^^^^^^^^^^
  File "J:\GeekBrains\Django_GB\venv\Lib\site-packages\django\shortcuts.py", line 24, in render
    content = loader.render_to_string(template_name, context, request, using=using)
              ^^^^^^^^^^^^^^^^^^^^^^^^^^^^^^^^^^^^^^^^^^^^^^^^^^^^^^^^^^^^^^^^^^^^^
  File "J:\GeekBrains\Django_GB\venv\Lib\site-packages\django\template\loader.py", line 61, in render_to_string
    template = get_template(template_name, using=using)
               ^^^^^^^^^^^^^^^^^^^^^^^^^^^^^^^^^^^^^^^^
  File "J:\GeekBrains\Django_GB\venv\Lib\site-packages\django\template\loader.py", line 19, in get_template
    raise TemplateDoesNotExist(template_name, chain=chain)
django.template.exceptions.TemplateDoesNotExist: hw2_app/clients.html
ERROR 2023-09-14 12:02:35,212 basehttp 8592 16808 "GET /clients/ HTTP/1.1" 500 82485
ERROR 2023-09-14 12:07:17,365 log 8592 16808 Internal Server Error: /clients/
Traceback (most recent call last):
  File "J:\GeekBrains\Django_GB\venv\Lib\site-packages\django\core\handlers\exception.py", line 55, in inner
    response = get_response(request)
               ^^^^^^^^^^^^^^^^^^^^^
  File "J:\GeekBrains\Django_GB\venv\Lib\site-packages\django\core\handlers\base.py", line 197, in _get_response
    response = wrapped_callback(request, *callback_args, **callback_kwargs)
               ^^^^^^^^^^^^^^^^^^^^^^^^^^^^^^^^^^^^^^^^^^^^^^^^^^^^^^^^^^^^
  File "J:\GeekBrains\Django_GB\hw2_app\views.py", line 10, in client_view
    return render(request, 'hw2_app/clients.html', {'clients': clients})
           ^^^^^^^^^^^^^^^^^^^^^^^^^^^^^^^^^^^^^^^^^^^^^^^^^^^^^^^^^^^^^
  File "J:\GeekBrains\Django_GB\venv\Lib\site-packages\django\shortcuts.py", line 24, in render
    content = loader.render_to_string(template_name, context, request, using=using)
              ^^^^^^^^^^^^^^^^^^^^^^^^^^^^^^^^^^^^^^^^^^^^^^^^^^^^^^^^^^^^^^^^^^^^^
  File "J:\GeekBrains\Django_GB\venv\Lib\site-packages\django\template\loader.py", line 61, in render_to_string
    template = get_template(template_name, using=using)
               ^^^^^^^^^^^^^^^^^^^^^^^^^^^^^^^^^^^^^^^^
  File "J:\GeekBrains\Django_GB\venv\Lib\site-packages\django\template\loader.py", line 19, in get_template
    raise TemplateDoesNotExist(template_name, chain=chain)
django.template.exceptions.TemplateDoesNotExist: hw2_app/clients.html
ERROR 2023-09-14 12:07:17,369 basehttp 8592 16808 "GET /clients/ HTTP/1.1" 500 82622
WARNING 2023-09-14 12:07:17,427 log 8592 16808 Not Found: /favicon.ico
WARNING 2023-09-14 12:07:17,428 basehttp 8592 16808 "GET /favicon.ico HTTP/1.1" 404 4032
INFO 2023-09-14 12:07:25,308 autoreload 13684 7980 Watching for file changes with StatReloader
INFO 2023-09-14 12:07:27,288 basehttp 13684 3872 "GET / HTTP/1.1" 200 12
ERROR 2023-09-14 12:07:36,672 log 13684 3872 Internal Server Error: /clients/
Traceback (most recent call last):
  File "J:\GeekBrains\Django_GB\venv\Lib\site-packages\django\core\handlers\exception.py", line 55, in inner
    response = get_response(request)
               ^^^^^^^^^^^^^^^^^^^^^
  File "J:\GeekBrains\Django_GB\venv\Lib\site-packages\django\core\handlers\base.py", line 197, in _get_response
    response = wrapped_callback(request, *callback_args, **callback_kwargs)
               ^^^^^^^^^^^^^^^^^^^^^^^^^^^^^^^^^^^^^^^^^^^^^^^^^^^^^^^^^^^^
  File "J:\GeekBrains\Django_GB\hw2_app\views.py", line 10, in client_view
    return render(request, 'hw2_app/clients.html', {'clients': clients})
           ^^^^^^^^^^^^^^^^^^^^^^^^^^^^^^^^^^^^^^^^^^^^^^^^^^^^^^^^^^^^^
  File "J:\GeekBrains\Django_GB\venv\Lib\site-packages\django\shortcuts.py", line 24, in render
    content = loader.render_to_string(template_name, context, request, using=using)
              ^^^^^^^^^^^^^^^^^^^^^^^^^^^^^^^^^^^^^^^^^^^^^^^^^^^^^^^^^^^^^^^^^^^^^
  File "J:\GeekBrains\Django_GB\venv\Lib\site-packages\django\template\loader.py", line 61, in render_to_string
    template = get_template(template_name, using=using)
               ^^^^^^^^^^^^^^^^^^^^^^^^^^^^^^^^^^^^^^^^
  File "J:\GeekBrains\Django_GB\venv\Lib\site-packages\django\template\loader.py", line 19, in get_template
    raise TemplateDoesNotExist(template_name, chain=chain)
django.template.exceptions.TemplateDoesNotExist: hw2_app/clients.html
ERROR 2023-09-14 12:07:36,676 basehttp 13684 3872 "GET /clients/ HTTP/1.1" 500 83102
ERROR 2023-09-14 12:07:43,873 log 13684 3872 Internal Server Error: /clients/
Traceback (most recent call last):
  File "J:\GeekBrains\Django_GB\venv\Lib\site-packages\django\core\handlers\exception.py", line 55, in inner
    response = get_response(request)
               ^^^^^^^^^^^^^^^^^^^^^
  File "J:\GeekBrains\Django_GB\venv\Lib\site-packages\django\core\handlers\base.py", line 197, in _get_response
    response = wrapped_callback(request, *callback_args, **callback_kwargs)
               ^^^^^^^^^^^^^^^^^^^^^^^^^^^^^^^^^^^^^^^^^^^^^^^^^^^^^^^^^^^^
  File "J:\GeekBrains\Django_GB\hw2_app\views.py", line 10, in client_view
    return render(request, 'hw2_app/clients.html', {'clients': clients})
           ^^^^^^^^^^^^^^^^^^^^^^^^^^^^^^^^^^^^^^^^^^^^^^^^^^^^^^^^^^^^^
  File "J:\GeekBrains\Django_GB\venv\Lib\site-packages\django\shortcuts.py", line 24, in render
    content = loader.render_to_string(template_name, context, request, using=using)
              ^^^^^^^^^^^^^^^^^^^^^^^^^^^^^^^^^^^^^^^^^^^^^^^^^^^^^^^^^^^^^^^^^^^^^
  File "J:\GeekBrains\Django_GB\venv\Lib\site-packages\django\template\loader.py", line 61, in render_to_string
    template = get_template(template_name, using=using)
               ^^^^^^^^^^^^^^^^^^^^^^^^^^^^^^^^^^^^^^^^
  File "J:\GeekBrains\Django_GB\venv\Lib\site-packages\django\template\loader.py", line 19, in get_template
    raise TemplateDoesNotExist(template_name, chain=chain)
django.template.exceptions.TemplateDoesNotExist: hw2_app/clients.html
ERROR 2023-09-14 12:07:43,878 basehttp 13684 3872 "GET /clients/ HTTP/1.1" 500 82828
INFO 2023-09-14 12:09:32,401 autoreload 6284 10516 Watching for file changes with StatReloader
INFO 2023-09-14 12:09:35,350 basehttp 6284 17272 "GET / HTTP/1.1" 200 12
ERROR 2023-09-14 12:09:42,303 log 6284 17272 Internal Server Error: /clients/
Traceback (most recent call last):
  File "J:\GeekBrains\Django_GB\venv\Lib\site-packages\django\core\handlers\exception.py", line 55, in inner
    response = get_response(request)
               ^^^^^^^^^^^^^^^^^^^^^
  File "J:\GeekBrains\Django_GB\venv\Lib\site-packages\django\core\handlers\base.py", line 197, in _get_response
    response = wrapped_callback(request, *callback_args, **callback_kwargs)
               ^^^^^^^^^^^^^^^^^^^^^^^^^^^^^^^^^^^^^^^^^^^^^^^^^^^^^^^^^^^^
  File "J:\GeekBrains\Django_GB\hw2_app\views.py", line 10, in client_view
    return render(request, 'hw2_app/clients.html', {'clients': clients})
           ^^^^^^^^^^^^^^^^^^^^^^^^^^^^^^^^^^^^^^^^^^^^^^^^^^^^^^^^^^^^^
  File "J:\GeekBrains\Django_GB\venv\Lib\site-packages\django\shortcuts.py", line 24, in render
    content = loader.render_to_string(template_name, context, request, using=using)
              ^^^^^^^^^^^^^^^^^^^^^^^^^^^^^^^^^^^^^^^^^^^^^^^^^^^^^^^^^^^^^^^^^^^^^
  File "J:\GeekBrains\Django_GB\venv\Lib\site-packages\django\template\loader.py", line 61, in render_to_string
    template = get_template(template_name, using=using)
               ^^^^^^^^^^^^^^^^^^^^^^^^^^^^^^^^^^^^^^^^
  File "J:\GeekBrains\Django_GB\venv\Lib\site-packages\django\template\loader.py", line 19, in get_template
    raise TemplateDoesNotExist(template_name, chain=chain)
django.template.exceptions.TemplateDoesNotExist: hw2_app/clients.html
ERROR 2023-09-14 12:09:42,307 basehttp 6284 17272 "GET /clients/ HTTP/1.1" 500 83102
ERROR 2023-09-14 12:09:44,235 log 6284 17272 Internal Server Error: /clients/
Traceback (most recent call last):
  File "J:\GeekBrains\Django_GB\venv\Lib\site-packages\django\core\handlers\exception.py", line 55, in inner
    response = get_response(request)
               ^^^^^^^^^^^^^^^^^^^^^
  File "J:\GeekBrains\Django_GB\venv\Lib\site-packages\django\core\handlers\base.py", line 197, in _get_response
    response = wrapped_callback(request, *callback_args, **callback_kwargs)
               ^^^^^^^^^^^^^^^^^^^^^^^^^^^^^^^^^^^^^^^^^^^^^^^^^^^^^^^^^^^^
  File "J:\GeekBrains\Django_GB\hw2_app\views.py", line 10, in client_view
    return render(request, 'hw2_app/clients.html', {'clients': clients})
           ^^^^^^^^^^^^^^^^^^^^^^^^^^^^^^^^^^^^^^^^^^^^^^^^^^^^^^^^^^^^^
  File "J:\GeekBrains\Django_GB\venv\Lib\site-packages\django\shortcuts.py", line 24, in render
    content = loader.render_to_string(template_name, context, request, using=using)
              ^^^^^^^^^^^^^^^^^^^^^^^^^^^^^^^^^^^^^^^^^^^^^^^^^^^^^^^^^^^^^^^^^^^^^
  File "J:\GeekBrains\Django_GB\venv\Lib\site-packages\django\template\loader.py", line 61, in render_to_string
    template = get_template(template_name, using=using)
               ^^^^^^^^^^^^^^^^^^^^^^^^^^^^^^^^^^^^^^^^
  File "J:\GeekBrains\Django_GB\venv\Lib\site-packages\django\template\loader.py", line 19, in get_template
    raise TemplateDoesNotExist(template_name, chain=chain)
django.template.exceptions.TemplateDoesNotExist: hw2_app/clients.html
ERROR 2023-09-14 12:09:44,238 basehttp 6284 17272 "GET /clients/ HTTP/1.1" 500 82828
INFO 2023-09-14 12:12:18,825 autoreload 3680 4056 Watching for file changes with StatReloader
INFO 2023-09-14 12:12:20,394 basehttp 3680 6500 "GET / HTTP/1.1" 200 12
ERROR 2023-09-14 12:12:26,447 log 3680 6500 Internal Server Error: /clients/
Traceback (most recent call last):
  File "J:\GeekBrains\Django_GB\venv\Lib\site-packages\django\core\handlers\exception.py", line 55, in inner
    response = get_response(request)
               ^^^^^^^^^^^^^^^^^^^^^
  File "J:\GeekBrains\Django_GB\venv\Lib\site-packages\django\core\handlers\base.py", line 197, in _get_response
    response = wrapped_callback(request, *callback_args, **callback_kwargs)
               ^^^^^^^^^^^^^^^^^^^^^^^^^^^^^^^^^^^^^^^^^^^^^^^^^^^^^^^^^^^^
  File "J:\GeekBrains\Django_GB\hw2_app\views.py", line 10, in client_view
    return render(request, 'hw2_app/clients.html', {'clients': clients})
           ^^^^^^^^^^^^^^^^^^^^^^^^^^^^^^^^^^^^^^^^^^^^^^^^^^^^^^^^^^^^^
  File "J:\GeekBrains\Django_GB\venv\Lib\site-packages\django\shortcuts.py", line 24, in render
    content = loader.render_to_string(template_name, context, request, using=using)
              ^^^^^^^^^^^^^^^^^^^^^^^^^^^^^^^^^^^^^^^^^^^^^^^^^^^^^^^^^^^^^^^^^^^^^
  File "J:\GeekBrains\Django_GB\venv\Lib\site-packages\django\template\loader.py", line 61, in render_to_string
    template = get_template(template_name, using=using)
               ^^^^^^^^^^^^^^^^^^^^^^^^^^^^^^^^^^^^^^^^
  File "J:\GeekBrains\Django_GB\venv\Lib\site-packages\django\template\loader.py", line 19, in get_template
    raise TemplateDoesNotExist(template_name, chain=chain)
django.template.exceptions.TemplateDoesNotExist: hw2_app/clients.html
ERROR 2023-09-14 12:12:26,451 basehttp 3680 6500 "GET /clients/ HTTP/1.1" 500 83102
ERROR 2023-09-14 12:12:28,024 log 3680 6500 Internal Server Error: /clients/
Traceback (most recent call last):
  File "J:\GeekBrains\Django_GB\venv\Lib\site-packages\django\core\handlers\exception.py", line 55, in inner
    response = get_response(request)
               ^^^^^^^^^^^^^^^^^^^^^
  File "J:\GeekBrains\Django_GB\venv\Lib\site-packages\django\core\handlers\base.py", line 197, in _get_response
    response = wrapped_callback(request, *callback_args, **callback_kwargs)
               ^^^^^^^^^^^^^^^^^^^^^^^^^^^^^^^^^^^^^^^^^^^^^^^^^^^^^^^^^^^^
  File "J:\GeekBrains\Django_GB\hw2_app\views.py", line 10, in client_view
    return render(request, 'hw2_app/clients.html', {'clients': clients})
           ^^^^^^^^^^^^^^^^^^^^^^^^^^^^^^^^^^^^^^^^^^^^^^^^^^^^^^^^^^^^^
  File "J:\GeekBrains\Django_GB\venv\Lib\site-packages\django\shortcuts.py", line 24, in render
    content = loader.render_to_string(template_name, context, request, using=using)
              ^^^^^^^^^^^^^^^^^^^^^^^^^^^^^^^^^^^^^^^^^^^^^^^^^^^^^^^^^^^^^^^^^^^^^
  File "J:\GeekBrains\Django_GB\venv\Lib\site-packages\django\template\loader.py", line 61, in render_to_string
    template = get_template(template_name, using=using)
               ^^^^^^^^^^^^^^^^^^^^^^^^^^^^^^^^^^^^^^^^
  File "J:\GeekBrains\Django_GB\venv\Lib\site-packages\django\template\loader.py", line 19, in get_template
    raise TemplateDoesNotExist(template_name, chain=chain)
django.template.exceptions.TemplateDoesNotExist: hw2_app/clients.html
ERROR 2023-09-14 12:12:28,029 basehttp 3680 6500 "GET /clients/ HTTP/1.1" 500 82828
INFO 2023-09-14 12:14:21,348 autoreload 13616 14816 Watching for file changes with StatReloader
INFO 2023-09-14 12:14:23,763 basehttp 13616 11024 "GET / HTTP/1.1" 200 12
INFO 2023-09-14 12:14:30,361 basehttp 13616 11024 "GET /clients/ HTTP/1.1" 200 1365
INFO 2023-09-14 12:14:51,907 basehttp 13616 11024 "GET /orders HTTP/1.1" 301 0
INFO 2023-09-14 12:14:51,915 basehttp 13616 15076 "GET /orders/ HTTP/1.1" 200 1726
INFO 2023-09-14 12:14:55,582 basehttp 13616 15076 "GET /orders/?last_7_days=7 HTTP/1.1" 200 1726
INFO 2023-09-14 12:14:57,216 basehttp 13616 15076 "GET /orders/?last_30_days=30 HTTP/1.1" 200 1726
INFO 2023-09-14 12:14:58,703 basehttp 13616 15076 "GET /orders/?last_365_days=365 HTTP/1.1" 200 1726
INFO 2023-09-14 12:14:59,875 basehttp 13616 15076 "GET /orders/?last_30_days=30 HTTP/1.1" 200 1726
INFO 2023-09-14 12:15:00,848 basehttp 13616 15076 "GET /orders/?last_7_days=7 HTTP/1.1" 200 1726
INFO 2023-09-14 12:15:02,690 basehttp 13616 15076 "GET /orders/?all_orders= HTTP/1.1" 200 1726
INFO 2023-09-14 12:15:49,955 basehttp 13616 15076 "GET /products HTTP/1.1" 301 0
INFO 2023-09-14 12:15:49,962 basehttp 13616 8944 "GET /products/ HTTP/1.1" 200 1443
INFO 2023-09-14 14:25:50,519 autoreload 14620 13144 Watching for file changes with StatReloader
INFO 2023-09-14 14:25:52,340 basehttp 14620 17376 "GET / HTTP/1.1" 200 12
WARNING 2023-09-14 14:25:52,450 log 14620 17376 Not Found: /favicon.ico
WARNING 2023-09-14 14:25:52,450 basehttp 14620 17376 "GET /favicon.ico HTTP/1.1" 404 4032
INFO 2023-09-14 14:26:04,163 basehttp 14620 17376 "GET /clients/ HTTP/1.1" 200 7670
INFO 2023-09-14 14:26:33,888 basehttp 14620 17376 "GET /clients/ HTTP/1.1" 200 7670
INFO 2023-09-14 14:26:39,691 basehttp 14620 17376 "GET /products/ HTTP/1.1" 200 61280
INFO 2023-09-14 14:26:59,429 basehttp 14620 17376 "GET /orders/ HTTP/1.1" 200 18093
INFO 2023-09-14 14:27:02,858 basehttp 14620 17376 "GET /orders/?last_7_days=7 HTTP/1.1" 200 1726
INFO 2023-09-14 14:27:03,678 basehttp 14620 17376 "GET /orders/?last_30_days=30 HTTP/1.1" 200 1726
INFO 2023-09-14 14:27:04,423 basehttp 14620 17376 "GET /orders/?last_365_days=365 HTTP/1.1" 200 1726
INFO 2023-09-14 14:27:05,447 basehttp 14620 17376 "GET /orders/?last_30_days=30 HTTP/1.1" 200 1726
INFO 2023-09-14 14:27:20,672 basehttp 14620 17376 "GET /orders/?last_7_days=7 HTTP/1.1" 200 1726
INFO 2023-09-14 14:27:21,735 basehttp 14620 17376 "GET /orders/?all_orders= HTTP/1.1" 200 18093
INFO 2023-09-14 14:29:36,645 autoreload 14152 15668 Watching for file changes with StatReloader
INFO 2023-09-14 14:29:39,081 basehttp 14152 10248 "GET / HTTP/1.1" 200 12
INFO 2023-09-14 14:29:46,240 basehttp 14152 10248 "GET /orders/ HTTP/1.1" 200 18096
INFO 2023-09-14 14:29:50,796 basehttp 14152 10248 "GET /orders/?last_7_days=7 HTTP/1.1" 200 2973
INFO 2023-09-14 14:29:54,351 basehttp 14152 10248 "GET /orders/?last_30_days=30 HTTP/1.1" 200 4460
INFO 2023-09-14 14:29:58,367 basehttp 14152 10248 "GET /orders/?last_365_days=365 HTTP/1.1" 200 4460
INFO 2023-09-14 14:30:32,377 basehttp 14152 10248 "GET /orders/?last_30_days=30 HTTP/1.1" 200 4460
INFO 2023-09-14 14:30:33,244 basehttp 14152 10248 "GET /orders/?last_7_days=7 HTTP/1.1" 200 2973
INFO 2023-09-14 14:30:33,952 basehttp 14152 10248 "GET /orders/?last_365_days=365 HTTP/1.1" 200 4969
INFO 2023-09-14 14:30:38,130 basehttp 14152 10248 "GET /orders/?last_30_days=30 HTTP/1.1" 200 4460
INFO 2023-09-14 14:30:39,059 basehttp 14152 10248 "GET /orders/?last_7_days=7 HTTP/1.1" 200 2973
INFO 2023-09-14 14:30:40,552 basehttp 14152 10248 "GET /orders/?last_365_days=365 HTTP/1.1" 200 4969
INFO 2023-09-14 14:30:41,746 basehttp 14152 10248 "GET /orders/?all_orders= HTTP/1.1" 200 18096
